<?xml version="1.0" encoding="UTF-8"?>
<testsuite xmlns:xsi="http://www.w3.org/2001/XMLSchema-instance" xsi:noNamespaceSchemaLocation="https://maven.apache.org/surefire/maven-surefire-plugin/xsd/surefire-test-report.xsd" name="TestSuit" time="0.012" tests="5" errors="0" skipped="0" failures="0">
  <properties>
[...]
</properties>
  <testcase name="secondMethod" classname="junit5tests.TaggedTestClass" time="0.001"/>
  <testcase name="thirdMethod" classname="junit5tests.TaggedTestClass" time="0.001"/>
  <testcase name="intValues{int}[1]" classname="junit5tests.TaggedTestClass" time="0"/>
  <testcase name="intValues{int}[2]" classname="junit5tests.TaggedTestClass" time="0.001"/>
  <testcase name="intValues{int}[3]" classname="junit5tests.TaggedTestClass" time="0"/>
</testsuite>