<?xml version="1.0" encoding="UTF-8"?>
<testsuite xmlns:xsi="http://www.w3.org/2001/XMLSchema-instance" xsi:noNamespaceSchemaLocation="https://maven.apache.org/surefire/maven-surefire-plugin/xsd/surefire-test-report.xsd" name="junit5tests.AssertionsTest" time="0.023" tests="10" errors="0" skipped="0" failures="7">
  <properties>
[...]
</properties>
  <testcase name="assertEqualsListTest" classname="junit5tests.AssertionsTest" time="0.001">
    <failure message="expected: &lt;[firstString, secondString, thirdString]&gt; but was: &lt;[firstString, secondString]&gt;" type="org.opentest4j.AssertionFailedError"><![CDATA[org.opentest4j.AssertionFailedError: expected: <[firstString, secondString, thirdString]> but was: <[firstString, secondString]>
	at junit5tests.AssertionsTest.assertEqualsListTest(AssertionsTest.java:33)
]]></failure>
  </testcase>
  <testcase name="assertThrowsTest" classname="junit5tests.AssertionsTest" time="0.001"/>
  <testcase name="assertEqualsTest" classname="junit5tests.AssertionsTest" time="0.001">
    <failure message="The String values were not equal ==&gt; expected: &lt;firstString&gt; but was: &lt;secondString&gt;" type="org.opentest4j.AssertionFailedError"><![CDATA[org.opentest4j.AssertionFailedError: The String values were not equal ==> expected: <firstString> but was: <secondString>
	at junit5tests.AssertionsTest.assertEqualsTest(AssertionsTest.java:23)
]]></failure>
  </testcase>
  <testcase name="assertForAnyOf" classname="junit5tests.AssertionsTest" time="0.005"/>
  <testcase name="assertForMapTest" classname="junit5tests.AssertionsTest" time="0.003">
    <failure message="&#10;Expected: map containing [ANYTHING-&gt;&lt;22&gt;]&#10;     but: map was [&lt;firstKey=1&gt;, &lt;thirdKey=3&gt;, &lt;secondKey=2&gt;]" type="java.lang.AssertionError"><![CDATA[java.lang.AssertionError: 

Expected: map containing [ANYTHING-><22>]
     but: map was [<firstKey=1>, <thirdKey=3>, <secondKey=2>]
	at junit5tests.AssertionsTest.assertForMapTest(AssertionsTest.java:70)
]]></failure>
  </testcase>
  <testcase name="assertArraysEqualsTest" classname="junit5tests.AssertionsTest" time="0.001">
    <failure message="array contents differ at index [1], expected: &lt;5&gt; but was: &lt;2&gt;" type="org.opentest4j.AssertionFailedError"><![CDATA[org.opentest4j.AssertionFailedError: array contents differ at index [1], expected: <5> but was: <2>
	at junit5tests.AssertionsTest.assertArraysEqualsTest(AssertionsTest.java:40)
]]></failure>
  </testcase>
  <testcase name="assertForContainsAnyOrder" classname="junit5tests.AssertionsTest" time="0.001"/>
  <testcase name="assertTrueTest" classname="junit5tests.AssertionsTest" time="0.001">
    <failure message="This boolean condition did not evaluate to true ==&gt; expected: &lt;true&gt; but was: &lt;false&gt;" type="org.opentest4j.AssertionFailedError"><![CDATA[org.opentest4j.AssertionFailedError: This boolean condition did not evaluate to true ==> expected: <true> but was: <false>
	at junit5tests.AssertionsTest.assertTrueTest(AssertionsTest.java:46)
]]></failure>
  </testcase>
  <testcase name="assertAllTest" classname="junit5tests.AssertionsTest" time="0.002">
    <failure message="Multiple Failures (2 failures)&#10;	org.opentest4j.AssertionFailedError: The String values were not equal ==&gt; expected: &lt;firstString&gt; but was: &lt;secondString&gt;&#10;	org.opentest4j.AssertionFailedError: This boolean condition did not evaluate to true ==&gt; expected: &lt;true&gt; but was: &lt;false&gt;" type="org.opentest4j.MultipleFailuresError"><![CDATA[org.opentest4j.MultipleFailuresError: 
Multiple Failures (2 failures)
	org.opentest4j.AssertionFailedError: The String values were not equal ==> expected: <firstString> but was: <secondString>
	org.opentest4j.AssertionFailedError: This boolean condition did not evaluate to true ==> expected: <true> but was: <false>
	at junit5tests.AssertionsTest.assertAllTest(AssertionsTest.java:56)
]]></failure>
  </testcase>
  <testcase name="assertForList" classname="junit5tests.AssertionsTest" time="0">
    <failure message="&#10;Expected: a collection containing &quot;thirdStrings&quot;&#10;     but: mismatches were: [was &quot;firstString&quot;, was &quot;secondString&quot;, was &quot;thirdString&quot;]" type="java.lang.AssertionError">java.lang.AssertionError: 

Expected: a collection containing "thirdStrings"
     but: mismatches were: [was "firstString", was "secondString", was "thirdString"]
	at junit5tests.AssertionsTest.assertForList(AssertionsTest.java:79)
</failure>
  </testcase>
</testsuite>